<?xml version="1.0" encoding="UTF-8"?>
<!-- Generated by org.testng.reporters.JUnitReportReporter -->
<testsuite skipped="0" hostname="Mohammeds-MacBook-Pro.local" name="com.usa.logintest.LoginTest" tests="1" failures="0" timestamp="18 Mar 2020 23:18:14 GMT" time="22.731" errors="0">
  <testcase name="getLoginValidation" time="22.731" classname="com.usa.logintest.LoginTest"/>
</testsuite> <!-- com.usa.logintest.LoginTest -->
