<?xml version="1.0" encoding="UTF-8"?>
<!-- Generated by org.testng.reporters.JUnitReportReporter -->
<testsuite skipped="0" hostname="Mohammeds-MacBook-Pro.local" name="com.usa.myrunner.MyRunner" tests="2" failures="0" timestamp="16 Mar 2020 18:00:37 GMT" time="21.359" errors="0">
  <testcase name="feature" time="14.686" classname="com.usa.myrunner.MyRunner"/>
  <testcase name="feature" time="6.673" classname="com.usa.myrunner.MyRunner"/>
</testsuite> <!-- com.usa.myrunner.MyRunner -->
